<?xml version="1.0" encoding="UTF-8"?>
<testng-results ignored="0" total="1" passed="0" failed="1" skipped="0">
  <reporter-output>
  </reporter-output>
  <suite started-at="2021-05-09T00:49:47 IST" name="Default suite" finished-at="2021-05-09T00:53:37 IST" duration-ms="230670">
    <groups>
      <group name="Smoke test">
        <method signature="TC_01_CreateOrganisation_Test.createOrganisation()[pri:0, instance:com.crm.vtiger.organizationModuleTest.TC_01_CreateOrganisation_Test@3514a4c0]" name="createOrganisation" class="com.crm.vtiger.organizationModuleTest.TC_01_CreateOrganisation_Test"/>
      </group> <!-- Smoke test -->
    </groups>
    <test started-at="2021-05-09T00:49:47 IST" name="Default test" finished-at="2021-05-09T00:53:37 IST" duration-ms="230670">
      <class name="com.crm.vtiger.organizationModuleTest.TC_01_CreateOrganisation_Test">
        <test-method is-config="true" signature="configBS()[pri:0, instance:com.crm.vtiger.organizationModuleTest.TC_01_CreateOrganisation_Test@3514a4c0]" started-at="2021-05-09T00:49:47 IST" name="configBS" finished-at="2021-05-09T00:49:47 IST" duration-ms="10" status="PASS">
          <reporter-output>
          </reporter-output>
        </test-method> <!-- configBS -->
        <test-method is-config="true" signature="configBT()[pri:0, instance:com.crm.vtiger.organizationModuleTest.TC_01_CreateOrganisation_Test@3514a4c0]" started-at="2021-05-09T00:49:47 IST" name="configBT" finished-at="2021-05-09T00:49:47 IST" duration-ms="0" status="PASS">
          <reporter-output>
          </reporter-output>
        </test-method> <!-- configBT -->
        <test-method is-config="true" signature="configBC()[pri:0, instance:com.crm.vtiger.organizationModuleTest.TC_01_CreateOrganisation_Test@3514a4c0]" started-at="2021-05-09T00:49:47 IST" name="configBC" finished-at="2021-05-09T00:50:15 IST" duration-ms="28424" status="PASS">
          <reporter-output>
          </reporter-output>
        </test-method> <!-- configBC -->
        <test-method is-config="true" signature="setUp()[pri:0, instance:com.crm.vtiger.organizationModuleTest.TC_01_CreateOrganisation_Test@3514a4c0]" started-at="2021-05-09T00:50:15 IST" name="setUp" finished-at="2021-05-09T00:51:47 IST" duration-ms="92159" status="PASS">
          <reporter-output>
          </reporter-output>
        </test-method> <!-- setUp -->
        <test-method signature="createOrganisation()[pri:0, instance:com.crm.vtiger.organizationModuleTest.TC_01_CreateOrganisation_Test@3514a4c0]" started-at="2021-05-09T00:51:47 IST" name="createOrganisation" finished-at="2021-05-09T00:53:08 IST" duration-ms="81022" status="FAIL">
          <exception class="org.openqa.selenium.NoSuchElementException">
            <message>
              <![CDATA[no such element: Unable to locate element: {"method":"xpath","selector":"//span[@class='dvHeaderText']"}
  (Session info: chrome=90.0.4430.93)
For documentation on this error, please visit: https://www.seleniumhq.org/exceptions/no_such_element.html
Build info: version: '3.141.59', revision: 'e82be7d358', time: '2018-11-14T08:17:03'
System info: host: 'ADARSH', ip: '192.168.225.44', os.name: 'Windows 10', os.arch: 'amd64', os.version: '10.0', java.version: '14.0.2'
Driver info: org.openqa.selenium.chrome.ChromeDriver
Capabilities {acceptInsecureCerts: false, browserName: chrome, browserVersion: 90.0.4430.93, chrome: {chromedriverVersion: 89.0.4389.23 (61b08ee2c5002..., userDataDir: C:\Users\asd\AppData\Local\...}, goog:chromeOptions: {debuggerAddress: localhost:50696}, javascriptEnabled: true, networkConnectionEnabled: false, pageLoadStrategy: normal, platform: WINDOWS, platformName: WINDOWS, proxy: Proxy(), setWindowRect: true, strictFileInteractability: false, timeouts: {implicit: 0, pageLoad: 300000, script: 30000}, unhandledPromptBehavior: dismiss and notify, webauthn:extension:largeBlob: true, webauthn:virtualAuthenticators: true}
Session ID: 844a8da55f742d5fc534ff985baf2e2f
*** Element info: {Using=xpath, value=//span[@class='dvHeaderText']}]]>
            </message>
            <full-stacktrace>
              <![CDATA[org.openqa.selenium.NoSuchElementException: no such element: Unable to locate element: {"method":"xpath","selector":"//span[@class='dvHeaderText']"}
  (Session info: chrome=90.0.4430.93)
For documentation on this error, please visit: https://www.seleniumhq.org/exceptions/no_such_element.html
Build info: version: '3.141.59', revision: 'e82be7d358', time: '2018-11-14T08:17:03'
System info: host: 'ADARSH', ip: '192.168.225.44', os.name: 'Windows 10', os.arch: 'amd64', os.version: '10.0', java.version: '14.0.2'
Driver info: org.openqa.selenium.chrome.ChromeDriver
Capabilities {acceptInsecureCerts: false, browserName: chrome, browserVersion: 90.0.4430.93, chrome: {chromedriverVersion: 89.0.4389.23 (61b08ee2c5002..., userDataDir: C:\Users\asd\AppData\Local\...}, goog:chromeOptions: {debuggerAddress: localhost:50696}, javascriptEnabled: true, networkConnectionEnabled: false, pageLoadStrategy: normal, platform: WINDOWS, platformName: WINDOWS, proxy: Proxy(), setWindowRect: true, strictFileInteractability: false, timeouts: {implicit: 0, pageLoad: 300000, script: 30000}, unhandledPromptBehavior: dismiss and notify, webauthn:extension:largeBlob: true, webauthn:virtualAuthenticators: true}
Session ID: 844a8da55f742d5fc534ff985baf2e2f
*** Element info: {Using=xpath, value=//span[@class='dvHeaderText']}
at java.base/jdk.internal.reflect.NativeConstructorAccessorImpl.newInstance0(Native Method)
at java.base/jdk.internal.reflect.NativeConstructorAccessorImpl.newInstance(NativeConstructorAccessorImpl.java:62)
at java.base/jdk.internal.reflect.DelegatingConstructorAccessorImpl.newInstance(DelegatingConstructorAccessorImpl.java:45)
at java.base/java.lang.reflect.Constructor.newInstanceWithCaller(Constructor.java:500)
at java.base/java.lang.reflect.Constructor.newInstance(Constructor.java:481)
at org.openqa.selenium.remote.http.W3CHttpResponseCodec.createException(W3CHttpResponseCodec.java:187)
at org.openqa.selenium.remote.http.W3CHttpResponseCodec.decode(W3CHttpResponseCodec.java:122)
at org.openqa.selenium.remote.http.W3CHttpResponseCodec.decode(W3CHttpResponseCodec.java:49)
at org.openqa.selenium.remote.HttpCommandExecutor.execute(HttpCommandExecutor.java:158)
at org.openqa.selenium.remote.service.DriverCommandExecutor.execute(DriverCommandExecutor.java:83)
at org.openqa.selenium.remote.RemoteWebDriver.execute(RemoteWebDriver.java:552)
at org.openqa.selenium.remote.RemoteWebDriver.findElement(RemoteWebDriver.java:323)
at org.openqa.selenium.remote.RemoteWebDriver.findElementByXPath(RemoteWebDriver.java:428)
at org.openqa.selenium.By$ByXPath.findElement(By.java:353)
at org.openqa.selenium.remote.RemoteWebDriver.findElement(RemoteWebDriver.java:315)
at org.openqa.selenium.support.pagefactory.DefaultElementLocator.findElement(DefaultElementLocator.java:69)
at org.openqa.selenium.support.pagefactory.internal.LocatingElementHandler.invoke(LocatingElementHandler.java:38)
at com.sun.proxy.$Proxy19.getText(Unknown Source)
at com.crm.vtiger.organizationPomClass.OrganizationInformationPage.getOrgInfoText(OrganizationInformationPage.java:62)
at com.crm.vtiger.organizationModuleTest.TC_01_CreateOrganisation_Test.createOrganisation(TC_01_CreateOrganisation_Test.java:35)
at java.base/jdk.internal.reflect.NativeMethodAccessorImpl.invoke0(Native Method)
at java.base/jdk.internal.reflect.NativeMethodAccessorImpl.invoke(NativeMethodAccessorImpl.java:62)
at java.base/jdk.internal.reflect.DelegatingMethodAccessorImpl.invoke(DelegatingMethodAccessorImpl.java:43)
at java.base/java.lang.reflect.Method.invoke(Method.java:564)
at org.testng.internal.MethodInvocationHelper.invokeMethod(MethodInvocationHelper.java:132)
at org.testng.internal.TestInvoker.invokeMethod(TestInvoker.java:599)
at org.testng.internal.TestInvoker.invokeTestMethod(TestInvoker.java:174)
at org.testng.internal.MethodRunner.runInSequence(MethodRunner.java:46)
at org.testng.internal.TestInvoker$MethodInvocationAgent.invoke(TestInvoker.java:822)
at org.testng.internal.TestInvoker.invokeTestMethods(TestInvoker.java:147)
at org.testng.internal.TestMethodWorker.invokeTestMethods(TestMethodWorker.java:146)
at org.testng.internal.TestMethodWorker.run(TestMethodWorker.java:128)
at java.base/java.util.ArrayList.forEach(ArrayList.java:1511)
at org.testng.TestRunner.privateRun(TestRunner.java:764)
at org.testng.TestRunner.run(TestRunner.java:585)
at org.testng.SuiteRunner.runTest(SuiteRunner.java:384)
at org.testng.SuiteRunner.runSequentially(SuiteRunner.java:378)
at org.testng.SuiteRunner.privateRun(SuiteRunner.java:337)
at org.testng.SuiteRunner.run(SuiteRunner.java:286)
at org.testng.SuiteRunnerWorker.runSuite(SuiteRunnerWorker.java:53)
at org.testng.SuiteRunnerWorker.run(SuiteRunnerWorker.java:96)
at org.testng.TestNG.runSuitesSequentially(TestNG.java:1218)
at org.testng.TestNG.runSuitesLocally(TestNG.java:1140)
at org.testng.TestNG.runSuites(TestNG.java:1069)
at org.testng.TestNG.run(TestNG.java:1037)
at org.testng.remote.AbstractRemoteTestNG.run(AbstractRemoteTestNG.java:115)
at org.testng.remote.RemoteTestNG.initAndRun(RemoteTestNG.java:251)
at org.testng.remote.RemoteTestNG.main(RemoteTestNG.java:77)
]]>
            </full-stacktrace>
          </exception> <!-- org.openqa.selenium.NoSuchElementException -->
          <reporter-output>
          </reporter-output>
        </test-method> <!-- createOrganisation -->
        <test-method is-config="true" signature="tearDown()[pri:0, instance:com.crm.vtiger.organizationModuleTest.TC_01_CreateOrganisation_Test@3514a4c0]" started-at="2021-05-09T00:53:12 IST" name="tearDown" finished-at="2021-05-09T00:53:22 IST" duration-ms="9877" status="PASS">
          <reporter-output>
          </reporter-output>
        </test-method> <!-- tearDown -->
        <test-method is-config="true" signature="configAC()[pri:0, instance:com.crm.vtiger.organizationModuleTest.TC_01_CreateOrganisation_Test@3514a4c0]" started-at="2021-05-09T00:53:22 IST" name="configAC" finished-at="2021-05-09T00:53:37 IST" duration-ms="15918" status="PASS">
          <reporter-output>
          </reporter-output>
        </test-method> <!-- configAC -->
        <test-method is-config="true" signature="configAT()[pri:0, instance:com.crm.vtiger.organizationModuleTest.TC_01_CreateOrganisation_Test@3514a4c0]" started-at="2021-05-09T00:53:37 IST" name="configAT" finished-at="2021-05-09T00:53:37 IST" duration-ms="1" status="PASS">
          <reporter-output>
          </reporter-output>
        </test-method> <!-- configAT -->
        <test-method is-config="true" signature="configAS()[pri:0, instance:com.crm.vtiger.organizationModuleTest.TC_01_CreateOrganisation_Test@3514a4c0]" started-at="2021-05-09T00:53:38 IST" name="configAS" finished-at="2021-05-09T00:53:38 IST" duration-ms="0" status="PASS">
          <reporter-output>
          </reporter-output>
        </test-method> <!-- configAS -->
      </class> <!-- com.crm.vtiger.organizationModuleTest.TC_01_CreateOrganisation_Test -->
    </test> <!-- Default test -->
  </suite> <!-- Default suite -->
</testng-results>
