<?xml version="1.0" encoding="UTF-8"?>
<testng-results ignored="0" total="1" passed="1" failed="0" skipped="0">
  <reporter-output>
  </reporter-output>
  <suite started-at="2021-05-06T00:37:19 IST" name="Default suite" finished-at="2021-05-06T00:38:19 IST" duration-ms="60107">
    <groups>
    </groups>
    <test started-at="2021-05-06T00:37:19 IST" name="Default test" finished-at="2021-05-06T00:38:19 IST" duration-ms="60107">
      <class name="com.crm.vtiger.organizationModuleTest.TC_05_CreateOrganizationWithAssignedToGroup">
        <test-method is-config="true" signature="configBS()[pri:0, instance:com.crm.vtiger.organizationModuleTest.TC_05_CreateOrganizationWithAssignedToGroup@20f5239f]" started-at="2021-05-06T00:37:19 IST" name="configBS" finished-at="2021-05-06T00:37:19 IST" duration-ms="11" status="PASS">
          <reporter-output>
          </reporter-output>
        </test-method> <!-- configBS -->
        <test-method is-config="true" signature="configBT()[pri:0, instance:com.crm.vtiger.organizationModuleTest.TC_05_CreateOrganizationWithAssignedToGroup@20f5239f]" started-at="2021-05-06T00:37:19 IST" name="configBT" finished-at="2021-05-06T00:37:19 IST" duration-ms="1" status="PASS">
          <reporter-output>
          </reporter-output>
        </test-method> <!-- configBT -->
        <test-method is-config="true" signature="configBC()[pri:0, instance:com.crm.vtiger.organizationModuleTest.TC_05_CreateOrganizationWithAssignedToGroup@20f5239f]" started-at="2021-05-06T00:37:19 IST" name="configBC" finished-at="2021-05-06T00:37:24 IST" duration-ms="5522" status="PASS">
          <reporter-output>
          </reporter-output>
        </test-method> <!-- configBC -->
        <test-method is-config="true" signature="setUp()[pri:0, instance:com.crm.vtiger.organizationModuleTest.TC_05_CreateOrganizationWithAssignedToGroup@20f5239f]" started-at="2021-05-06T00:37:24 IST" name="setUp" finished-at="2021-05-06T00:37:40 IST" duration-ms="15553" status="PASS">
          <reporter-output>
          </reporter-output>
        </test-method> <!-- setUp -->
        <test-method signature="createOrgWithgroup()[pri:0, instance:com.crm.vtiger.organizationModuleTest.TC_05_CreateOrganizationWithAssignedToGroup@20f5239f]" started-at="2021-05-06T00:37:40 IST" name="createOrgWithgroup" finished-at="2021-05-06T00:38:13 IST" duration-ms="33300" status="PASS">
          <reporter-output>
          </reporter-output>
        </test-method> <!-- createOrgWithgroup -->
        <test-method is-config="true" signature="tearDown()[pri:0, instance:com.crm.vtiger.organizationModuleTest.TC_05_CreateOrganizationWithAssignedToGroup@20f5239f]" started-at="2021-05-06T00:38:13 IST" name="tearDown" finished-at="2021-05-06T00:38:16 IST" duration-ms="2625" status="PASS">
          <reporter-output>
          </reporter-output>
        </test-method> <!-- tearDown -->
        <test-method is-config="true" signature="configAC()[pri:0, instance:com.crm.vtiger.organizationModuleTest.TC_05_CreateOrganizationWithAssignedToGroup@20f5239f]" started-at="2021-05-06T00:38:16 IST" name="configAC" finished-at="2021-05-06T00:38:19 IST" duration-ms="3036" status="PASS">
          <reporter-output>
          </reporter-output>
        </test-method> <!-- configAC -->
        <test-method is-config="true" signature="configAT()[pri:0, instance:com.crm.vtiger.organizationModuleTest.TC_05_CreateOrganizationWithAssignedToGroup@20f5239f]" started-at="2021-05-06T00:38:19 IST" name="configAT" finished-at="2021-05-06T00:38:19 IST" duration-ms="0" status="PASS">
          <reporter-output>
          </reporter-output>
        </test-method> <!-- configAT -->
        <test-method is-config="true" signature="configAS()[pri:0, instance:com.crm.vtiger.organizationModuleTest.TC_05_CreateOrganizationWithAssignedToGroup@20f5239f]" started-at="2021-05-06T00:38:19 IST" name="configAS" finished-at="2021-05-06T00:38:19 IST" duration-ms="1" status="PASS">
          <reporter-output>
          </reporter-output>
        </test-method> <!-- configAS -->
      </class> <!-- com.crm.vtiger.organizationModuleTest.TC_05_CreateOrganizationWithAssignedToGroup -->
    </test> <!-- Default test -->
  </suite> <!-- Default suite -->
</testng-results>
